<?xml version="1.0" encoding="utf-8"?><testsuites name="pytest tests"><testsuite name="pytest" errors="0" failures="0" skipped="0" tests="13" time="2.102" timestamp="2026-09-21T06:30:04.664084+00:00" hostname="agent-env-46c9c8a1-d001-41be-ab66-a92dd98d631f"><testcase classname="tests.test_mowasalat.TestCatalog" name="test_root" time="0.365" /><testcase classname="tests.test_mowasalat.TestOtp" name="test_otp_request" time="0.391" /><testcase classname="tests.test_mowasalat.TestCatalog" name="test_destinations" time="0.062" /><testcase classname="tests.test_mowasalat.TestOtp" name="test_otp_request_invalid_phone" time="0.101" /><testcase classname="tests.test_mowasalat.TestCatalog" name="test_routes" time="0.064" /><testcase classname="tests.test_mowasalat.TestTripLifecycle" name="test_bad_session_401" time="0.102" /><testcase classname="tests.test_mowasalat.TestOtp" name="test_otp_verify_bad_code" time="0.161" /><testcase classname="tests.test_mowasalat.TestOtp" name="test_otp_verify_ok" time="0.061" /><testcase classname="tests.test_mowasalat.TestTripLifecycle" name="test_full_flow" time="0.937" /><testcase classname="tests.test_mowasalat.TestPrivacy" name="test_admin_only_counts" time="0.061" /><testcase classname="tests.test_mowasalat.TestPrivacy" name="test_no_gps_in_buses" time="0.105" /><testcase classname="tests.test_mowasalat.TestWaitCancel" name="test_cancel" time="0.182" /><testcase classname="tests.test_mowasalat.TestWaitCancel" name="test_bad_route" time="0.060" /></testsuite></testsuites>